Arguments: 
  /Users/KylesLight/.nvm/versions/node/v16.4.0/bin/node /usr/local/Cellar/yarn/1.17.3/libexec/bin/yarn.js

PATH: 
  /Users/KylesLight/.nvm/versions/node/v16.4.0/bin:/Library/Frameworks/Python.framework/Versions/2.7/bin:/Users/KylesLight/.cargo/bin:/Library/Frameworks/Python.framework/Versions/3.6/bin:/Library/Frameworks/Python.framework/Versions/3.5/bin:/usr/local/bin:/System/Cryptexes/App/usr/bin:/usr/bin:/bin:/usr/sbin:/sbin:/usr/local/go/bin:/Library/Apple/usr/bin:/Users/KylesLight/opt/miniconda3/bin:/Users/KylesLight/opt/miniconda3/condabin:/Library/Frameworks/Python.framework/Versions/2.7/bin:/opt/homebrew/bin:/opt/homebrew/sbin:/Users/KylesLight/.cargo/bin:/Library/Frameworks/Python.framework/Versions/3.6/bin:/Library/Frameworks/Python.framework/Versions/3.5/bin:/Users/KylesLight/Library/Android/sdk/tools:/Users/KylesLight/Library/Android/sdk/platform-tools:/Users/KylesLight/code_pool/git/arcanist/bin:/usr/local/opt/ansible@1.9/bin:/Users/KylesLight/code_pool/sdk/flutter/bin:/Users/KylesLight/code_pool/git/depot_tools:/Users/KylesLight/Library/Android/sdk/tools:/Users/KylesLight/Library/Android/sdk/platform-tools:/Users/KylesLight/code_pool/git/arcanist/bin:/usr/local/opt/ansible@1.9/bin:/Users/KylesLight/code_pool/sdk/flutter/bin:/Users/KylesLight/code_pool/git/depot_tools:/Users/KylesLight/Library/Android/sdk/tools:/Users/KylesLight/Library/Android/sdk/platform-tools:/Users/KylesLight/code_pool/git/arcanist/bin:/usr/local/opt/ansible@1.9/bin:/Users/KylesLight/code_pool/sdk/flutter/bin:/Users/KylesLight/code_pool/git/depot_tools:/Users/KylesLight/.foundry/bin

Yarn version: 
  1.17.3

Node version: 
  16.4.0

Platform: 
  darwin arm64

Trace: 
  Error: https://github.com/curio-research/treaty-vault: ESOCKETTIMEDOUT
      at ClientRequest.<anonymous> (/usr/local/Cellar/yarn/1.17.3/libexec/lib/cli.js:141091:19)
      at Object.onceWrapper (node:events:513:28)
      at ClientRequest.emit (node:events:394:28)
      at TLSSocket.emitRequestTimeout (node:_http_client:761:9)
      at Object.onceWrapper (node:events:513:28)
      at TLSSocket.emit (node:events:406:35)
      at TLSSocket.Socket._onTimeout (node:net:476:8)
      at listOnTimeout (node:internal/timers:557:17)
      at processTimers (node:internal/timers:500:7)

npm manifest: 
  {
    "name": "game-contracts",
    "private": true,
    "license": "TBD",
    "scripts": {
      "prepare": "bash ./scripts/pnm-test-setup.sh",
      "contract-size": "yarn run hardhat size-contracts",
      "getInitParams": "npx ts-node test/util/foundry/getInitParams.ts",
      "getFuncSelectors": "npx ts-node test/util/foundry/getFuncSelectors.ts",
      "forge-test": "forge test --ffi -vv",
      "ft": "forge test --ffi -vv",
      "deploy": "npx hardhat deploy --network localhost",
      "port": "npx hardhat port",
      "kill": "lsof -ti:8545 | xargs kill",
      "setup": "yarn link curio-vault",
      "deploy:anvil": "bash ./scripts/deploy.sh",
      "compile": "npx hardhat compile",
      "clean-git-cache": "git rm -r --cached ."
    },
    "devDependencies": {
      "@nomiclabs/hardhat-ethers": "^2.0.2",
      "@nomiclabs/hardhat-waffle": "^2.0.1",
      "@types/chai": "^4.2.22",
      "@types/mocha": "^9.0.0",
      "@types/node": "^16.11.5",
      "chai": "^4.3.4",
      "ethereum-waffle": "^3.4.0",
      "hardhat-contract-sizer": "^2.4.0",
      "ts-node": "^10.4.0",
      "typescript": "^4.4.4"
    },
    "dependencies": {
      "@openzeppelin/contracts": "^4.3.2",
      "@openzeppelin/contracts-upgradeable": "^4.3.2",
      "@typechain/ethers-v5": "^10.1.0",
      "@typechain/hardhat": "^6.1.3",
      "@types/fs-extra": "^9.0.13",
      "@types/lodash": "^4.14.178",
      "axios": "^0.26.1",
      "bignumber.js": "^9.0.1",
      "chalk": "4.1.0",
      "curio-vault": "github:curio-research/treaty-vault",
      "dotenv": "^16.0.0",
      "eth-heap": "^2.2.0",
      "ethers": "^5.7.1",
      "fs-extra": "^10.1.0",
      "hardhat": "^2.11.2",
      "hardhat-diamond-abi": "^2.0.0",
      "hardhat-preprocessor": "^0.1.4",
      "lodash": "^4.17.21",
      "prettier": "^2.4.1",
      "prettier-plugin-solidity": "^1.0.0-beta.18",
      "random-words": "^1.2.0",
      "rot-js": "^2.2.0",
      "simplex-noise": "^3.0.1",
      "typechain": "^8.1.0"
    }
  }

yarn manifest: 
  No manifest

Lockfile: 
  No lockfile
